**********************
Windows PowerShell transcript start
Start time: 20210208175320
Username: AA\kevin.weinrich
RunAs User: AA\kevin.weinrich
Machine: V26265NCHH500 (Microsoft Windows NT 6.3.9600.0)
Host Application: powershell
Process ID: 11600
PSVersion: 5.1.14409.1018
PSEdition: Desktop
PSCompatibleVersions: 1.0, 2.0, 3.0, 4.0, 5.0, 5.1.14409.1018
BuildVersion: 10.0.14409.1018
CLRVersion: 4.0.30319.42000
WSManStackVersion: 3.0
PSRemotingProtocolVersion: 2.3
SerializationVersion: 1.1.0.1
**********************
Transcript started, output file is E:\CHIZ\DSC\Try2\DscWorkshop\DSC\BuildOutput\Logs\CompileRootConfiguration.log

---------------------------------------------------------------------------
v26267ncec202 : v26267ncec202 : MOF__0.0.0 Test
    v26267ncec202 : FileServer ::> FilesAndFolders .................................................OK
    v26267ncec202 : FileServer ::> SecurityBase ....................................................OK
    v26267ncec202 : FileServer ::> WindowsFeatures .................................................OK
PS>TerminatingError(Get-DscSplattedResource): "Exception calling "Create" with "1" argument(s): "At line:7 char:1
+ GatewayAddress = $($Parameters['GatewayAddress'])
+ ~~~~~~~~~~~~~~
The member 'GatewayAddress' is not valid. Valid members are
'AddressFamily', 'AdvertiseDefaultRoute', 'Advertising', 'AutomaticMetric', 'DependsOn', 'Dhcp', 'DirectedMacWolPattern', 'EcnMarking', 'ForceArpNdWolPattern', 'Forwarding', 'IgnoreDefaultRoutes', 'InterfaceAlias', 'ManagedAddressConfiguration', 'NeighborUnreachabilityDetection', 'NlMtu', 'OtherStatefulConfiguration', 'PsDscRunAsCredential', 'RouterDiscovery', 'WeakHostReceive', 'WeakHostSend'.

At line:10 char:1
+ IPAddress = $($Parameters['IPAddress'])
+ ~~~~~~~~~
The member 'IPAddress' is not valid. Valid members are
'AddressFamily', 'AdvertiseDefaultRoute', 'Advertising', 'AutomaticMetric', 'DependsOn', 'Dhcp', 'DirectedMacWolPattern', 'EcnMarking', 'ForceArpNdWolPattern', 'Forwarding', 'IgnoreDefaultRoutes', 'InterfaceAlias', 'ManagedAddressConfiguration', 'NeighborUnreachabilityDetection', 'NlMtu', 'OtherStatefulConfiguration', 'PsDscRunAsCredential', 'RouterDiscovery', 'WeakHostReceive', 'WeakHostSend'.

At line:11 char:1
+ Prefix = $($Parameters['Prefix'])
+ ~~~~~~
The member 'Prefix' is not valid. Valid members are
'AddressFamily', 'AdvertiseDefaultRoute', 'Advertising', 'AutomaticMetric', 'DependsOn', 'Dhcp', 'DirectedMacWolPattern', 'EcnMarking', 'ForceArpNdWolPattern', 'Forwarding', 'IgnoreDefaultRoutes', 'InterfaceAlias', 'ManagedAddressConfiguration', 'NeighborUnreachabilityDetection', 'NlMtu', 'OtherStatefulConfiguration', 'PsDscRunAsCredential', 'RouterDiscovery', 'WeakHostReceive', 'WeakHostSend'.""
PSDesiredStateConfiguration\node : At line:7 char:1
+ GatewayAddress = $($Parameters['GatewayAddress'])
+ ~~~~~~~~~~~~~~
The member 'GatewayAddress' is not valid. Valid members are
'AddressFamily', 'AdvertiseDefaultRoute', 'Advertising', 'AutomaticMetric', 'DependsOn', 'Dhcp', 
'DirectedMacWolPattern', 'EcnMarking', 'ForceArpNdWolPattern', 'Forwarding', 'IgnoreDefaultRoutes', 'InterfaceAlias', 
'ManagedAddressConfiguration', 'NeighborUnreachabilityDetection', 'NlMtu', 'OtherStatefulConfiguration', 
'PsDscRunAsCredential', 'RouterDiscovery', 'WeakHostReceive', 'WeakHostSend'.

At line:10 char:1
+ IPAddress = $($Parameters['IPAddress'])
+ ~~~~~~~~~
The member 'IPAddress' is not valid. Valid members are
'AddressFamily', 'AdvertiseDefaultRoute', 'Advertising', 'AutomaticMetric', 'DependsOn', 'Dhcp', 
'DirectedMacWolPattern', 'EcnMarking', 'ForceArpNdWolPattern', 'Forwarding', 'IgnoreDefaultRoutes', 'InterfaceAlias', 
'ManagedAddressConfiguration', 'NeighborUnreachabilityDetection', 'NlMtu', 'OtherStatefulConfiguration', 
'PsDscRunAsCredential', 'RouterDiscovery', 'WeakHostReceive', 'WeakHostSend'.

At line:11 char:1
+ Prefix = $($Parameters['Prefix'])
+ ~~~~~~
The member 'Prefix' is not valid. Valid members are
'AddressFamily', 'AdvertiseDefaultRoute', 'Advertising', 'AutomaticMetric', 'DependsOn', 'Dhcp', 
'DirectedMacWolPattern', 'EcnMarking', 'ForceArpNdWolPattern', 'Forwarding', 'IgnoreDefaultRoutes', 'InterfaceAlias', 
'ManagedAddressConfiguration', 'NeighborUnreachabilityDetection', 'NlMtu', 'OtherStatefulConfiguration', 
'PsDscRunAsCredential', 'RouterDiscovery', 'WeakHostReceive', 'WeakHostSend'.
At E:\CHIZ\DSC\Try2\DscWorkshop\DSC\RootConfiguration.ps1:28 char:5
+     node $ConfigurationData.AllNodes.NodeName {
+     ~~~~
    + CategoryInfo          : ParserError: (:) [PSDesiredStateConfiguration\node], ParentContainsErrorRecordException
    + FullyQualifiedErrorId : InvalidInstanceProperty,PSDesiredStateConfiguration\node
PSDesiredStateConfiguration\node : At line:7 char:1
+ GatewayAddress = $($Parameters['GatewayAddress'])
+ ~~~~~~~~~~~~~~
The member 'GatewayAddress' is not valid. Valid members are
'AddressFamily', 'AdvertiseDefaultRoute', 'Advertising', 'AutomaticMetric', 'DependsOn', 'Dhcp', 'DirectedMacWolPattern', 'EcnMarking',
'ForceArpNdWolPattern', 'Forwarding', 'IgnoreDefaultRoutes', 'InterfaceAlias', 'ManagedAddressConfiguration', 'NeighborUnreachabilityDetection',
'NlMtu', 'OtherStatefulConfiguration', 'PsDscRunAsCredential', 'RouterDiscovery', 'WeakHostReceive', 'WeakHostSend'.

At line:10 char:1
+ IPAddress = $($Parameters['IPAddress'])
+ ~~~~~~~~~
The member 'IPAddress' is not valid. Valid members are
'AddressFamily', 'AdvertiseDefaultRoute', 'Advertising', 'AutomaticMetric', 'DependsOn', 'Dhcp', 'DirectedMacWolPattern', 'EcnMarking',
'ForceArpNdWolPattern', 'Forwarding', 'IgnoreDefaultRoutes', 'InterfaceAlias', 'ManagedAddressConfiguration', 'NeighborUnreachabilityDetection',
'NlMtu', 'OtherStatefulConfiguration', 'PsDscRunAsCredential', 'RouterDiscovery', 'WeakHostReceive', 'WeakHostSend'.

At line:11 char:1
+ Prefix = $($Parameters['Prefix'])
+ ~~~~~~
The member 'Prefix' is not valid. Valid members are
'AddressFamily', 'AdvertiseDefaultRoute', 'Advertising', 'AutomaticMetric', 'DependsOn', 'Dhcp', 'DirectedMacWolPattern', 'EcnMarking',
'ForceArpNdWolPattern', 'Forwarding', 'IgnoreDefaultRoutes', 'InterfaceAlias', 'ManagedAddressConfiguration', 'NeighborUnreachabilityDetection',
'NlMtu', 'OtherStatefulConfiguration', 'PsDscRunAsCredential', 'RouterDiscovery', 'WeakHostReceive', 'WeakHostSend'.
At E:\CHIZ\DSC\Try2\DscWorkshop\DSC\RootConfiguration.ps1:28 char:5
+     node $ConfigurationData.AllNodes.NodeName {
+     ~~~~
    + CategoryInfo          : ParserError: (:) [PSDesiredStateConfiguration\node], ParentContainsErrorRecordException
    + FullyQualifiedErrorId : InvalidInstanceProperty,PSDesiredStateConfiguration\node

PS>TerminatingError(): "Compilation errors occurred while processing configuration 'RootConfiguration'. Please review the errors reported in error stream and modify your configuration code appropriately."
PS>TerminatingError(): "Compilation errors occurred while processing configuration 'RootConfiguration'. Please review the errors reported in error stream and modify your configuration code appropriately."
>> TerminatingError(): "Compilation errors occurred while processing configuration 'RootConfiguration'. Please review the errors reported in error stream and modify your configuration code appropriately."
Error occured during compilation of node 'v26267ncec202' : Compilation errors occurred while processing configuration 'RootConfiguration'. Please review the errors reported in error stream and modify your configuration code appropriately.
Compilation errors occurred while processing configuration 'RootConfiguration'. Please review the errors reported in error stream and modify your 
configuration code appropriately.
At C:\Windows\System32\WindowsPowerShell\v1.0\Modules\PSDesiredStateConfiguration\PSDesiredStateConfiguration.psm1:3917 char:5
+     throw $ErrorRecord
+     ~~~~~~~~~~~~~~~~~~
    + CategoryInfo          : InvalidOperation: (RootConfiguration:String) [], InvalidOperationException
    + FullyQualifiedErrorId : FailToProcessConfiguration
 
PSDesiredStateConfiguration\node : At line:7 char:1
+ GatewayAddress = $($Parameters['GatewayAddress'])
+ ~~~~~~~~~~~~~~
The member 'GatewayAddress' is not valid. Valid members are
'AddressFamily', 'AdvertiseDefaultRoute', 'Advertising', 'AutomaticMetric', 'DependsOn', 'Dhcp', 'DirectedMacWolPattern', 'EcnMarking', 
'ForceArpNdWolPattern', 'Forwarding', 'IgnoreDefaultRoutes', 'InterfaceAlias', 'ManagedAddressConfiguration', 'NeighborUnreachabilityDetection', 
'NlMtu', 'OtherStatefulConfiguration', 'PsDscRunAsCredential', 'RouterDiscovery', 'WeakHostReceive', 'WeakHostSend'.

At line:10 char:1
+ IPAddress = $($Parameters['IPAddress'])
+ ~~~~~~~~~
The member 'IPAddress' is not valid. Valid members are
'AddressFamily', 'AdvertiseDefaultRoute', 'Advertising', 'AutomaticMetric', 'DependsOn', 'Dhcp', 'DirectedMacWolPattern', 'EcnMarking', 
'ForceArpNdWolPattern', 'Forwarding', 'IgnoreDefaultRoutes', 'InterfaceAlias', 'ManagedAddressConfiguration', 'NeighborUnreachabilityDetection', 
'NlMtu', 'OtherStatefulConfiguration', 'PsDscRunAsCredential', 'RouterDiscovery', 'WeakHostReceive', 'WeakHostSend'.

At line:11 char:1
+ Prefix = $($Parameters['Prefix'])
+ ~~~~~~
The member 'Prefix' is not valid. Valid members are
'AddressFamily', 'AdvertiseDefaultRoute', 'Advertising', 'AutomaticMetric', 'DependsOn', 'Dhcp', 'DirectedMacWolPattern', 'EcnMarking', 
'ForceArpNdWolPattern', 'Forwarding', 'IgnoreDefaultRoutes', 'InterfaceAlias', 'ManagedAddressConfiguration', 'NeighborUnreachabilityDetection', 
'NlMtu', 'OtherStatefulConfiguration', 'PsDscRunAsCredential', 'RouterDiscovery', 'WeakHostReceive', 'WeakHostSend'.
At E:\CHIZ\DSC\Try2\DscWorkshop\DSC\RootConfiguration.ps1:28 char:5
+     node $ConfigurationData.AllNodes.NodeName {
+     ~~~~
    + CategoryInfo          : ParserError: (:) [PSDesiredStateConfiguration\node], ParentContainsErrorRecordException
    + FullyQualifiedErrorId : InvalidInstanceProperty,PSDesiredStateConfiguration\node
 
Exception calling "InvokeWithContext" with "2" argument(s): "Exception calling "Create" with "1" argument(s): "At line:7 char:1
+ GatewayAddress = $($Parameters['GatewayAddress'])
+ ~~~~~~~~~~~~~~
The member 'GatewayAddress' is not valid. Valid members are
'AddressFamily', 'AdvertiseDefaultRoute', 'Advertising', 'AutomaticMetric', 'DependsOn', 'Dhcp', 'DirectedMacWolPattern', 'EcnMarking', 
'ForceArpNdWolPattern', 'Forwarding', 'IgnoreDefaultRoutes', 'InterfaceAlias', 'ManagedAddressConfiguration', 'NeighborUnreachabilityDetection', 
'NlMtu', 'OtherStatefulConfiguration', 'PsDscRunAsCredential', 'RouterDiscovery', 'WeakHostReceive', 'WeakHostSend'.

At line:10 char:1
+ IPAddress = $($Parameters['IPAddress'])
+ ~~~~~~~~~
The member 'IPAddress' is not valid. Valid members are
'AddressFamily', 'AdvertiseDefaultRoute', 'Advertising', 'AutomaticMetric', 'DependsOn', 'Dhcp', 'DirectedMacWolPattern', 'EcnMarking', 
'ForceArpNdWolPattern', 'Forwarding', 'IgnoreDefaultRoutes', 'InterfaceAlias', 'ManagedAddressConfiguration', 'NeighborUnreachabilityDetection', 
'NlMtu', 'OtherStatefulConfiguration', 'PsDscRunAsCredential', 'RouterDiscovery', 'WeakHostReceive', 'WeakHostSend'.

At line:11 char:1
+ Prefix = $($Parameters['Prefix'])
+ ~~~~~~
The member 'Prefix' is not valid. Valid members are
'AddressFamily', 'AdvertiseDefaultRoute', 'Advertising', 'AutomaticMetric', 'DependsOn', 'Dhcp', 'DirectedMacWolPattern', 'EcnMarking', 
'ForceArpNdWolPattern', 'Forwarding', 'IgnoreDefaultRoutes', 'InterfaceAlias', 'ManagedAddressConfiguration', 'NeighborUnreachabilityDetection', 
'NlMtu', 'OtherStatefulConfiguration', 'PsDscRunAsCredential', 'RouterDiscovery', 'WeakHostReceive', 'WeakHostSend'.""
At C:\Windows\System32\WindowsPowerShell\v1.0\Modules\PSDesiredStateConfiguration\PSDesiredStateConfiguration.psm1:1026 char:21
+ ...             $Value.InvokeWithContext($functionsToDefine, $variablesTo ...
+                 ~~~~~~~~~~~~~~~~~~~~~~~~~~~~~~~~~~~~~~~~~~~~~~~~~~~~~~~~~
    + CategoryInfo          : NotSpecified: (:) [], MethodInvocationException
    + FullyQualifiedErrorId : CmdletInvocationException
WARNING: Compiled MOF file count <> node count
Successfully compiled 0 MOF files
**********************
Windows PowerShell transcript end
End time: 20210208175328
**********************
